<?xml version="1.0" encoding="UTF-8"?>
<!-- Generated by org.testng.reporters.JUnitReportReporter -->
<testsuite hostname="DESKTOP-A7P2VQD" failures="0" tests="1" name="com.testcases.Logout" time="24.528" errors="0" timestamp="2023-10-20T12:25:52 IST" skipped="0">
  <testcase classname="com.testcases.Logout" name="logoutvalidation" time="24.528"/>
  <system-out/>
</testsuite> <!-- com.testcases.Logout -->
