<?xml version="1.0" encoding="UTF-8"?>
<!-- Generated by org.testng.reporters.JUnitReportReporter -->
<testsuite hostname="DESKTOP-A7P2VQD" failures="0" tests="1" name="com.testcases.AddProductTest" time="26.326" errors="0" timestamp="2023-10-10T15:38:30 IST" skipped="0">
  <testcase classname="com.testcases.AddProductTest" name="addp" time="26.326"/>
  <system-out/>
</testsuite> <!-- com.testcases.AddProductTest -->
